Requested expectations:
    tang-tan correlations for: t^{[0]}
Constructing data...
Parameter Set used: 'cgDNA+ps1.txt
DNA sequence:
GCGACTCATAGGCCTATGAGTCGC
# of configurations to be generated: 1000000
Jacobian used: N
# of base pairs to drop from each end: 3
The seed used: 6308705944179643892

Starting simulation (# configurations: accepted / generated)
10000 / 10000 (0.342509 s)
20000 / 20000 (0.571793 s)
30000 / 30000 (0.798529 s)
40000 / 40000 (1.02327 s)
50000 / 50000 (1.25205 s)
60000 / 60000 (1.48033 s)
70000 / 70000 (1.70557 s)
80000 / 80000 (1.93483 s)
90000 / 90000 (2.16426 s)
100000 / 100000 (2.3908 s)
110000 / 110000 (2.61733 s)
120000 / 120000 (2.8446 s)
130000 / 130000 (3.06918 s)
140000 / 140000 (3.29616 s)
150000 / 150000 (3.52089 s)
160000 / 160000 (3.74563 s)
170000 / 170000 (3.97311 s)
180000 / 180000 (4.20078 s)
190000 / 190000 (4.4292 s)
200000 / 200000 (4.66844 s)
210000 / 210000 (4.91021 s)
220000 / 220000 (5.15448 s)
230000 / 230000 (5.38234 s)
240000 / 240000 (5.61594 s)
250000 / 250000 (5.8542 s)
260000 / 260000 (6.08771 s)
270000 / 270000 (6.31787 s)
280000 / 280000 (6.55724 s)
290000 / 290000 (6.78969 s)
300000 / 300000 (7.03179 s)
310000 / 310000 (7.26924 s)
320000 / 320000 (7.50951 s)
330000 / 330000 (7.74399 s)
340000 / 340000 (7.97589 s)
350000 / 350000 (8.2129 s)
360000 / 360000 (8.44943 s)
370000 / 370000 (8.68216 s)
380000 / 380000 (8.92062 s)
390000 / 390000 (9.15589 s)
400000 / 400000 (9.38329 s)
410000 / 410000 (9.61024 s)
420000 / 420000 (9.8385 s)
430000 / 430000 (10.0636 s)
440000 / 440000 (10.2956 s)
450000 / 450000 (10.5224 s)
460000 / 460000 (10.7511 s)
470000 / 470000 (10.9787 s)
480000 / 480000 (11.2188 s)
490000 / 490000 (11.4472 s)
500000 / 500000 (11.6752 s)
510000 / 510000 (11.9053 s)
520000 / 520000 (12.1337 s)
530000 / 530000 (12.3611 s)
540000 / 540000 (12.5856 s)
550000 / 550000 (12.8113 s)
560000 / 560000 (13.0356 s)
570000 / 570000 (13.2674 s)
580000 / 580000 (13.4946 s)
590000 / 590000 (13.7222 s)
600000 / 600000 (13.9519 s)
610000 / 610000 (14.1792 s)
620000 / 620000 (14.4075 s)
630000 / 630000 (14.6334 s)
640000 / 640000 (14.8601 s)
650000 / 650000 (15.0874 s)
660000 / 660000 (15.3317 s)
670000 / 670000 (15.5704 s)
680000 / 680000 (15.8208 s)
690000 / 690000 (16.065 s)
700000 / 700000 (16.3053 s)
710000 / 710000 (16.5416 s)
720000 / 720000 (16.7775 s)
730000 / 730000 (17.0139 s)
740000 / 740000 (17.2601 s)
750000 / 750000 (17.5114 s)
760000 / 760000 (17.7506 s)
770000 / 770000 (17.994 s)
780000 / 780000 (18.2346 s)
790000 / 790000 (18.4806 s)
800000 / 800000 (18.7185 s)
810000 / 810000 (18.9582 s)
820000 / 820000 (19.1968 s)
830000 / 830000 (19.4337 s)
840000 / 840000 (19.673 s)
850000 / 850000 (19.9122 s)
860000 / 860000 (20.1474 s)
870000 / 870000 (20.3954 s)
880000 / 880000 (20.6826 s)
890000 / 890000 (20.9199 s)
900000 / 900000 (21.1635 s)
910000 / 910000 (21.4057 s)
920000 / 920000 (21.6353 s)
930000 / 930000 (21.8772 s)
940000 / 940000 (22.1111 s)
950000 / 950000 (22.3967 s)
960000 / 960000 (22.6491 s)
970000 / 970000 (22.8898 s)
980000 / 980000 (23.12 s)
990000 / 990000 (23.3507 s)
1000000 / 1000000 (23.5806 s)
1000000 / 1000000 (23.5808 s)

Acceptance rate: 1
Run finished in 23.5816 s
