
     **************************************               **************
     **** CURVES+ Version 2.8nc 10/2015 ***               *   4 Dec 18 *
     **************************************               **************


  FILE : 1bna.pdb                          ftop :                                 
  LIS  : test_2                            LIB  : standard                        
  lig  :                                   ibld :                                 
  sol  :                                   back : P                               

  wback :  2.90  wbase :  3.50

  isym  :     1  itst  :     0  itnd  :     0  itdel :     1  itbkt :     0
  naxlim:     0

  circ  :     F  line  :     F  zaxe  :     F  fit   :     T  test  :     F
  ions  :     F  refo  :     F  roc   :     F  axfrm :     F  FRAMES:     T


  LS fitting of standard bases ...RMS max =  0.043
  1   2:Error!                Not enough atoms!:  3  5
  1   3:Error!                Not enough atoms!:  3  5
  1   4:Error!                Not enough atoms!:  3  5
  1   5:Error!                Not enough atoms!:  3  5
  1   6:Error!                Not enough atoms!:  3  5
  1   7:Error!                Not enough atoms!:  3  5
  1   8:Error!                Not enough atoms!:  3  5
  1   9:Error!                Not enough atoms!:  3  5
  1  10:Error!                Not enough atoms!:  3  5
  1  11:Error!                Not enough atoms!:  3  5
  1  12:Error!                Not enough atoms!:  3  5
  2   1:Error!                Not enough atoms!:  3  5
  2   2:Error!                Not enough atoms!:  3  5
  2   3:Error!                Not enough atoms!:  3  5
  2   4:Error!                Not enough atoms!:  3  5
  2   5:Error!                Not enough atoms!:  3  5
  2   6:Error!                Not enough atoms!:  3  5
  2   7:Error!                Not enough atoms!:  3  5
  2   8:Error!                Not enough atoms!:  3  5
  2   9:Error!                Not enough atoms!:  3  5
  2  10:Error!                Not enough atoms!:  3  5
  2  11:Error!                Not enough atoms!:  3  5

  LS fitting of standard phosphate ...RMS max =  0.000

  Strands =    2 Atoms =   486 Units =    24 H removed =     0

  Combined strands have   12 levels ...

  Strand  1 has  12 bases (5'-3'): CGCGAATTCGCG
  Strand  2 has  12 bases (3'-5'): GCGCTTAAGCGC

  (A) BP-Axis        Xdisp   Ydisp   Inclin    Tip  Ax-bend

    1) C   1-G  24   -0.07    0.06     6.3     1.9     ---
    2) G   2-C  23   -0.04   -0.02     4.6     3.3     0.5
    3) C   3-G  22    0.32   -0.39     4.9    -6.8     0.5
    4) G   4-C  21   -0.27    0.03     6.8     2.4     0.6
    5) A   5-T  20   -0.41   -0.02     1.9    -2.2     1.1
    6) A   6-T  19   -0.49    0.04    -2.1    -1.9     1.2
    7) T   7-A  18   -0.09   -0.01    -2.1    -3.4     1.1
    8) T   8-A  17   -0.19    0.13    -1.6    -2.7     1.3
    9) C   9-G  16    0.11    0.12    -1.8    -3.0     0.9
   10) G  10-C  15    1.24    0.63    -3.0     8.3     1.0
   11) C  11-G  14    0.26    0.33    -6.6    -5.3     0.7
   12) G  12-C  13    0.84    0.12    -4.6    -1.2     0.5

       Average:       0.10    0.09     0.2    -0.9  Total bend =     8.9 (  1 to  12)

  (B) Intra-BP parameters

  Strands 1-2       Shear  Stretch Stagger  Buckle  Propel Opening

    1) C   1-G  24   -0.75   -0.34    0.03     3.9   -14.2    -7.4
    2) G   2-C  23    0.03   -0.25    0.27    -4.2   -11.2    -4.8
    3) C   3-G  22   -0.15   -0.26    0.27    -7.7    -5.6    -3.6
    4) G   4-C  21   -0.26   -0.42   -0.01    10.0   -16.5    -1.3
    5) A   5-T  20    0.34   -0.27    0.33     4.4   -26.9     2.0
    6) A   6-T  19   -0.07   -0.08    0.57     3.4   -27.0     5.6
    7) T   7-A  18    0.26   -0.10    0.42    -0.6   -25.1     9.9
    8) T   8-A  17    0.04   -0.21    0.29    -2.0   -27.9     2.9
    9) C   9-G  16   -0.14   -0.21    0.22   -11.8   -24.1    -1.2
   10) G  10-C  15    0.11   -0.26    0.45     2.8    -9.5    -0.5
   11) C  11-G  14   -0.00   -0.27    0.77    -4.6   -23.1    -6.8
   12) G  12-C  13   -0.31   -0.11    0.40     6.9    -3.4    -6.2

       Average:      -0.07   -0.23    0.33     0.0   -17.9    -1.0

  (C) Inter-BP       Shift   Slide    Rise    Tilt    Roll   Twist   H-Ris   H-Twi

    1) C   1/G   2   -0.29    0.18    3.56    -3.8     5.9    42.9    3.57    43.3
    2) G   2/C   3    0.51    0.12    3.57     1.2    -6.2    36.6    3.58    36.4
    3) C   3/G   4   -0.34    0.72    2.91     3.0    12.3    26.2    2.95    26.9
    4) G   4/A   5   -0.07    0.05    3.48    -3.9    -0.6    40.8    3.47    40.8
    5) A   5/A   6    0.13   -0.38    3.30    -1.4     0.3    35.1    3.30    35.1
    6) A   6/T   7    0.42   -0.69    3.35     2.6    -2.7    33.9    3.39    34.1
    7) T   7/T   8   -0.26   -0.21    3.34     3.2    -1.4    34.4    3.33    34.5
    8) T   8/C   9    0.07   -0.08    3.46     2.0    -2.5    40.2    3.46    40.3
    9) C   9/G  10    0.45    0.83    3.04    -2.6     8.7    30.4    2.95    30.2
   10) G  10/C  11   -1.39    0.28    3.83    -4.9   -16.8    39.7    3.83    40.4
   11) C  11/G  12    0.72    0.00    3.09     3.3     0.7    34.4    3.12    34.5

       Average:      -0.00    0.08    3.36    -0.1    -0.2    35.9    3.36    36.0

  (D) Backbone Parameters

   Strand 1     Alpha  Beta   Gamma  Delta  Epsil  Zeta   Chi    Phase  Ampli  Puckr  

    1) C   1     ----   ----  174.2  156.8 -141.3 -143.9 -105.0  161.6   56.6  C2'en
    2) G   2    -65.6  169.8   40.1  128.1  174.2  -97.8 -110.5  139.8   42.1  C1'ex
    3) C   3    -62.6  171.8   58.8   98.3 -176.7  -87.6 -135.1   92.8   38.5  O1'en
    4) G   4    -62.9 -179.9   57.2  155.7 -155.3 -152.5  -93.4  166.6   49.8  C2'en
    5) A   5    -43.0  142.8   52.4  119.6  179.9  -92.2 -126.3  128.8   46.8  C1'ex
    6) A   6    -73.3  179.7   66.0  121.1  173.7  -88.5 -122.2  127.3   50.2  C1'ex
    7) T   7    -56.6 -179.2   52.2   98.9  173.6  -85.9 -127.3  101.5   47.6  O1'en
    8) T   8    -59.2  173.4   64.1  108.9  170.6  -89.3 -125.7  115.9   49.7  C1'ex
    9) C   9    -58.5 -179.5   60.5  128.7 -156.9  -94.0 -119.5  140.7   46.9  C1'ex
   10) G  10    -67.3  169.1   47.2  142.9 -103.3  150.2  -89.6  146.5   54.7  C2'en
   11) C  11    -73.9  139.3   56.3  135.7 -161.8  -89.6 -125.1  147.7   47.7  C2'en
   12) G  12    -81.5  175.7   57.2  110.7   ----   ---- -112.0  114.1   52.1  C1'ex

   Strand 2     Alpha  Beta   Gamma  Delta  Epsil  Zeta   Chi    Phase  Ampli  Puckr  

    1) G  24    -65.0  170.6   46.6   78.7   ----   ---- -135.2   34.2   46.4  C3'en
    2) C  23    -72.2  138.5   44.6  112.8 -174.4  -96.8 -125.3  117.3   44.6  C1'ex
    3) G  22    -66.8  179.1   50.2  149.7 -100.1  171.6  -88.4  156.8   52.3  C2'en
    4) C  21    -59.1 -175.4   45.0  110.3 -176.7  -86.5 -114.3  113.9   43.3  C1'ex
    5) T  20    -58.6  179.5   55.3  122.4  178.5  -94.5 -120.5  129.9   50.5  C1'ex
    6) T  19    -58.3  173.6   60.0  109.2  178.8  -88.3 -131.3  116.7   47.9  C1'ex
    7) A  18    -57.1 -173.6   47.7  130.2  174.4 -101.3 -108.3  147.6   43.0  C2'en
    8) A  17    -56.6 -169.5   53.8  146.6  176.9  -97.1 -106.4  169.4   43.1  C2'en
    9) G  16    -69.2  171.1   73.2  135.9  174.1  -98.4 -114.8  149.5   41.5  C2'en
   10) C  15    -63.0  168.8   60.4   85.7  174.8  -85.5 -133.8   67.5   44.1  C4'ex
   11) G  14    -51.3  163.9   49.0  121.9  177.7  -93.0 -116.4  128.5   45.4  C1'ex
   12) C  13     ----   ----   55.9  136.7 -158.6 -124.9 -127.6  153.5   43.7  C2'en

  (E) Groove parameters

   Level           W12     D12     W21     D21

    1.5                                       
    2.0  G   2                                
    2.5                                       
    3.0  C   3                                
    3.5            8.1     5.1                
    4.0  G   4     7.2     4.9    11.4     5.0
    4.5            6.2     5.1    11.5     5.1
    5.0  A   5     5.2     5.1    11.5     5.2
    5.5            4.6     5.1    11.2     5.8
    6.0  A   6     4.2     4.9    10.5     5.5
    6.5            4.1     5.2    10.4     5.0
    7.0  T   7     4.0     5.4    10.6     5.0
    7.5            3.3     5.6    11.6     4.5
    8.0  T   8     3.1     5.6    12.1     3.5
    8.5            4.1     5.5    12.4     1.8
    9.0  C   9     5.2     5.7    12.4     2.9
    9.5                                       
   10.0  G  10                                
   10.5                                       
   11.0  C  11                                
   11.5                                       
