
     **************************************               **************
     **** CURVES+ Version 2.8nc 10/2015 ***               *   6 Dec 18 *
     **************************************               **************


  FILE : 4c64.pdb                          ftop :                                 
  LIS  : test_3                            LIB  : standard                        
  lig  :                                   ibld :                                 
  sol  :                                   back : P                               

  wback :  2.90  wbase :  3.50

  isym  :     1  itst  :     0  itnd  :     0  itdel :     1  itbkt :     0
  naxlim:     0

  circ  :     F  line  :     F  zaxe  :     F  fit   :     T  test  :     F
  ions  :     F  refo  :     F  roc   :     F  axfrm :     F  FRAMES:     T


  LS fitting of standard bases ...RMS max =  0.047
  1   2:Error!                Not enough atoms!:  3  5
  1   3:Error!                Not enough atoms!:  3  5
  1   4:Error!                Not enough atoms!:  3  5
  1   5:Error!                Not enough atoms!:  3  5
  1   6:Error!                Not enough atoms!:  3  5
  1   7:Error!                Not enough atoms!:  3  5
  1   8:Error!                Not enough atoms!:  3  5
  1   9:Error!                Not enough atoms!:  3  5
  1  10:Error!                Not enough atoms!:  3  5
  1  11:Error!                Not enough atoms!:  3  5
  1  12:Error!                Not enough atoms!:  3  5
  2   1:Error!                Not enough atoms!:  3  5
  2   2:Error!                Not enough atoms!:  3  5
  2   3:Error!                Not enough atoms!:  3  5
  2   4:Error!                Not enough atoms!:  3  5
  2   5:Error!                Not enough atoms!:  3  5
  2   6:Error!                Not enough atoms!:  3  5
  2   7:Error!                Not enough atoms!:  3  5
  2   8:Error!                Not enough atoms!:  3  5
  2   9:Error!                Not enough atoms!:  3  5
  2  10:Error!                Not enough atoms!:  3  5
  2  11:Error!                Not enough atoms!:  3  5

  LS fitting of standard phosphate ...RMS max =  0.000

  Strands =    2 Atoms =   486 Units =    24 H removed =     0

  Combined strands have   12 levels ...

  Strand  1 has  12 bases (5'-3'): CGCGAATTCGCG
  Strand  2 has  12 bases (3'-5'): GCGCTTAAGCGC

  (A) BP-Axis        Xdisp   Ydisp   Inclin    Tip  Ax-bend

    1) C   1-G  24   -0.46   -0.14     9.0     1.3     ---
    2) G   2-C  23   -0.37   -0.23     5.7     6.9     0.8
    3) C   3-G  22   -0.02   -0.29     7.0   -10.8     0.7
    4) G   4-C  21   -0.68    0.29     6.1     0.4     0.5
    5) A   5-T  20   -0.70    0.05     2.1    -1.2     1.1
    6) A   6-T  19   -0.59   -0.01    -0.8    -1.6     1.3
    7) T   7-A  18   -0.68    0.00    -3.6    -1.7     1.5
    8) T   8-A  17   -0.48   -0.03    -2.7     1.9     2.5
    9) C   9-G  16   -0.51   -0.18    -2.2    -0.5     1.9
   10) G  10-C  15    0.73    0.44    -2.5    10.1     1.7
   11) C  11-G  14   -0.11    0.47     1.0    -5.2     1.5
   12) G  12-C  13    0.23    0.51     2.9     3.5     1.7

       Average:      -0.30    0.07     1.8     0.3  Total bend =    12.6 (  1 to  12)

  (B) Intra-BP parameters

  Strands 1-2       Shear  Stretch Stagger  Buckle  Propel Opening

    1) C   1-G  24    0.26   -0.10    0.16     6.6   -20.4     0.3
    2) G   2-C  23   -0.33   -0.13    0.78     9.8   -16.9    -1.3
    3) C   3-G  22    0.11   -0.09    0.29    -2.5   -10.4    -0.9
    4) G   4-C  21   -0.00   -0.05    0.15    12.6   -14.8    -1.0
    5) A   5-T  20   -0.11   -0.16    0.19     7.5   -20.0     0.3
    6) A   6-T  19    0.13   -0.15    0.26     2.0   -21.2     4.2
    7) T   7-A  18    0.07   -0.20    0.28    -1.7   -20.0     0.9
    8) T   8-A  17   -0.03   -0.29    0.12    -2.5   -21.0     0.3
    9) C   9-G  16   -0.01   -0.14    0.26   -14.0   -14.0    -4.3
   10) G  10-C  15   -0.17    0.00    0.45     7.2   -11.4     4.0
   11) C  11-G  14    0.03   -0.09    0.25     4.6   -25.6    -2.0
   12) G  12-C  13    0.13   -0.20    0.34     4.2   -10.2    -6.1

       Average:       0.01   -0.13    0.29     2.8   -17.2    -0.5

  (C) Inter-BP       Shift   Slide    Rise    Tilt    Roll   Twist   H-Ris   H-Twi

    1) C   1/G   2   -0.23   -0.00    3.04    -5.3    10.7    34.0    3.02    34.9
    2) G   2/C   3    0.50    0.43    3.84     3.2   -11.9    41.9    3.88    41.3
    3) C   3/G   4   -0.40    0.74    2.94     2.3    14.3    27.7    2.95    28.6
    4) G   4/A   5   -0.17   -0.35    3.37    -2.6     1.3    35.9    3.32    36.0
    5) A   5/A   6    0.17   -0.46    3.37    -0.7    -0.6    37.0    3.37    37.0
    6) A   6/T   7   -0.10   -0.71    3.25    -0.4    -1.8    32.4    3.28    32.5
    7) T   7/T   8   -0.10   -0.51    3.16     2.2    -0.5    34.5    3.20    34.6
    8) T   8/C   9   -0.17   -0.38    3.60    -0.0    -5.9    40.7    3.63    40.9
    9) C   9/G  10    0.81    0.70    2.78    -3.1     7.7    27.3    2.66    27.3
   10) G  10/C  11   -1.30    0.54    3.57     0.2   -16.1    43.4    3.63    43.4
   11) C  11/G  12    0.25    0.36    3.21     0.7     9.7    34.2    3.23    34.3

       Average:      -0.07    0.03    3.28    -0.3     0.6    35.4    3.29    35.5

  (D) Backbone Parameters

   Strand 1     Alpha  Beta   Gamma  Delta  Epsil  Zeta   Chi    Phase  Ampli  Puckr  

    1) C   1     ----   ----  -69.1  144.3 -170.0 -101.9 -101.5  169.0   39.3  C2'en
    2) G   2    -70.0 -173.2   42.0  138.8 -171.3 -124.2  -88.1  159.7   35.2  C2'en
    3) C   3    -51.8  147.0   53.2   85.8 -172.2  -81.6 -131.7   52.2   35.5  C4'ex
    4) G   4    -62.5  176.9   60.7  142.3  174.1 -110.8  -96.7  165.5   36.4  C2'en
    5) A   5    -58.4  173.8   59.8  131.4  176.6  -84.7 -114.5  151.3   33.2  C2'en
    6) A   6    -70.6 -173.8   49.8  121.6  173.5  -91.4 -112.7  131.7   35.7  C1'ex
    7) T   7    -54.4  171.1   52.6  109.5  179.8  -90.7 -124.2  119.8   39.1  C1'ex
    8) T   8    -59.8  173.5   54.4  115.4  168.2  -90.4 -120.2  115.9   36.5  C1'ex
    9) C   9    -58.5 -175.3   56.2  131.4 -160.0  -86.8 -116.9  146.6   34.9  C2'en
   10) G  10    -70.0  169.0   45.0  143.2 -101.7  148.9  -90.5  143.0   48.1  C1'ex
   11) C  11    -71.9  146.5   50.8  139.4 -162.9  -83.0 -103.7  166.2   36.2  C2'en
   12) G  12    -76.5  176.7   38.9  101.1   ----   ---- -101.6   96.1   38.2  O1'en

   Strand 2     Alpha  Beta   Gamma  Delta  Epsil  Zeta   Chi    Phase  Ampli  Puckr  

    1) G  24    -61.6  168.4   51.7   81.9   ----   ---- -138.3   11.2   41.4  C3'en
    2) C  23    -56.5  136.2   46.5   88.5 -163.4  -80.2 -146.8   15.4   41.6  C3'en
    3) G  22    -66.4  173.1   45.3  143.7 -150.2 -169.2  -91.3  147.0   45.2  C2'en
    4) C  21    -57.3  173.5   52.2  112.2 -167.4  -89.1 -117.4  114.7   40.5  C1'ex
    5) T  20    -61.1  172.9   56.8  119.2 -179.6  -98.6 -120.5  129.1   43.4  C1'ex
    6) T  19    -60.2  175.3   54.7  113.1 -179.3  -91.0 -123.1  117.2   38.0  C1'ex
    7) A  18    -63.8  178.0   48.5  119.4  171.3  -89.0 -112.8  127.7   33.0  C1'ex
    8) A  17    -64.0 -164.7   59.3  143.2 -179.8  -97.5 -108.2  171.7   34.5  C2'en
    9) G  16    -63.1  176.4   60.9  142.8  158.0  -92.3 -102.7  176.5   33.4  C2'en
   10) C  15    -59.8  160.0   56.5   86.0 -174.4  -84.0 -138.7   36.7   39.1  C4'ex
   11) G  14    -39.4  148.5   43.2  120.1  178.6  -92.1 -115.1  128.0   31.9  C1'ex
   12) C  13     ----   ----   44.1  143.7 -157.4 -144.9 -108.4  143.7   40.5  C1'ex

  (E) Groove parameters

   Level           W12     D12     W21     D21

    1.5                                       
    2.0  G   2                                
    2.5                                       
    3.0  C   3                                
    3.5            8.7     5.0                
    4.0  G   4     7.5     4.7    11.7     5.1
    4.5            5.9     5.0    11.6     4.8
    5.0  A   5     4.5     5.2    11.7     5.2
    5.5            4.0     5.4    11.0     5.9
    6.0  A   6     3.7     5.3    10.2     5.5
    6.5            3.7     5.3    10.2     5.4
    7.0  T   7     3.6     5.3    10.7     5.1
    7.5            2.8     5.6    11.9     4.8
    8.0  T   8     2.6     5.7    12.3     4.0
    8.5            3.6     5.5    12.5     3.5
    9.0  C   9     4.5     5.6    12.5     3.8
    9.5                                       
   10.0  G  10                                
   10.5                                       
   11.0  C  11                                
   11.5                                       
